C:\Program Files\Microsoft Visual Studio\2022\Community\MSBuild\Microsoft\VC\v170\Microsoft.CppBuild.targets(1119,5): warning MSB8027: Two or more files with the name of 4xm.c will produce outputs to the same location. This can lead to an incorrect build result.  The files involved are ffmpeg\libavcodec\4xm.c, ffmpeg\libavformat\4xm.c.
C:\Program Files\Microsoft Visual Studio\2022\Community\MSBuild\Microsoft\VC\v170\Microsoft.CppBuild.targets(1119,5): warning MSB8027: Two or more files with the name of aacdec.c will produce outputs to the same location. This can lead to an incorrect build result.  The files involved are ffmpeg\libavcodec\aacdec.c, ffmpeg\libavformat\aacdec.c.
C:\Program Files\Microsoft Visual Studio\2022\Community\MSBuild\Microsoft\VC\v170\Microsoft.CppBuild.targets(1119,5): warning MSB8027: Two or more files with the name of ac3dec.c will produce outputs to the same location. This can lead to an incorrect build result.  The files involved are ffmpeg\libavcodec\ac3dec.c, ffmpeg\libavformat\ac3dec.c.
C:\Program Files\Microsoft Visual Studio\2022\Community\MSBuild\Microsoft\VC\v170\Microsoft.CppBuild.targets(1119,5): warning MSB8027: Two or more files with the name of adxdec.c will produce outputs to the same location. This can lead to an incorrect build result.  The files involved are ffmpeg\libavcodec\adxdec.c, ffmpeg\libavformat\adxdec.c.
C:\Program Files\Microsoft Visual Studio\2022\Community\MSBuild\Microsoft\VC\v170\Microsoft.CppBuild.targets(1119,5): warning MSB8027: Two or more files with the name of anm.c will produce outputs to the same location. This can lead to an incorrect build result.  The files involved are ffmpeg\libavcodec\anm.c, ffmpeg\libavformat\anm.c.
C:\Program Files\Microsoft Visual Studio\2022\Community\MSBuild\Microsoft\VC\v170\Microsoft.CppBuild.targets(1119,5): warning MSB8027: Two or more files with the name of assdec.c will produce outputs to the same location. This can lead to an incorrect build result.  The files involved are ffmpeg\libavcodec\assdec.c, ffmpeg\libavformat\assdec.c.
C:\Program Files\Microsoft Visual Studio\2022\Community\MSBuild\Microsoft\VC\v170\Microsoft.CppBuild.targets(1119,5): warning MSB8027: Two or more files with the name of assenc.c will produce outputs to the same location. This can lead to an incorrect build result.  The files involved are ffmpeg\libavcodec\assenc.c, ffmpeg\libavformat\assenc.c.
C:\Program Files\Microsoft Visual Studio\2022\Community\MSBuild\Microsoft\VC\v170\Microsoft.CppBuild.targets(1119,5): warning MSB8027: Two or more files with the name of avs.c will produce outputs to the same location. This can lead to an incorrect build result.  The files involved are ffmpeg\libavcodec\avs.c, ffmpeg\libavformat\avs.c.
C:\Program Files\Microsoft Visual Studio\2022\Community\MSBuild\Microsoft\VC\v170\Microsoft.CppBuild.targets(1119,5): warning MSB8027: Two or more files with the name of bfi.c will produce outputs to the same location. This can lead to an incorrect build result.  The files involved are ffmpeg\libavcodec\bfi.c, ffmpeg\libavformat\bfi.c.
C:\Program Files\Microsoft Visual Studio\2022\Community\MSBuild\Microsoft\VC\v170\Microsoft.CppBuild.targets(1119,5): warning MSB8027: Two or more files with the name of bink.c will produce outputs to the same location. This can lead to an incorrect build result.  The files involved are ffmpeg\libavcodec\bink.c, ffmpeg\libavformat\bink.c.
C:\Program Files\Microsoft Visual Studio\2022\Community\MSBuild\Microsoft\VC\v170\Microsoft.CppBuild.targets(1119,5): warning MSB8027: Two or more files with the name of bintext.c will produce outputs to the same location. This can lead to an incorrect build result.  The files involved are ffmpeg\libavcodec\bintext.c, ffmpeg\libavformat\bintext.c.
C:\Program Files\Microsoft Visual Studio\2022\Community\MSBuild\Microsoft\VC\v170\Microsoft.CppBuild.targets(1119,5): warning MSB8027: Two or more files with the name of c93.c will produce outputs to the same location. This can lead to an incorrect build result.  The files involved are ffmpeg\libavcodec\c93.c, ffmpeg\libavformat\c93.c.
C:\Program Files\Microsoft Visual Studio\2022\Community\MSBuild\Microsoft\VC\v170\Microsoft.CppBuild.targets(1119,5): warning MSB8027: Two or more files with the name of cdxl.c will produce outputs to the same location. This can lead to an incorrect build result.  The files involved are ffmpeg\libavcodec\cdxl.c, ffmpeg\libavformat\cdxl.c.
C:\Program Files\Microsoft Visual Studio\2022\Community\MSBuild\Microsoft\VC\v170\Microsoft.CppBuild.targets(1119,5): warning MSB8027: Two or more files with the name of dfa.c will produce outputs to the same location. This can lead to an incorrect build result.  The files involved are ffmpeg\libavcodec\dfa.c, ffmpeg\libavformat\dfa.c.
C:\Program Files\Microsoft Visual Studio\2022\Community\MSBuild\Microsoft\VC\v170\Microsoft.CppBuild.targets(1119,5): warning MSB8027: Two or more files with the name of diracdec.c will produce outputs to the same location. This can lead to an incorrect build result.  The files involved are ffmpeg\libavcodec\diracdec.c, ffmpeg\libavformat\diracdec.c.
C:\Program Files\Microsoft Visual Studio\2022\Community\MSBuild\Microsoft\VC\v170\Microsoft.CppBuild.targets(1119,5): warning MSB8027: Two or more files with the name of dnxhddec.c will produce outputs to the same location. This can lead to an incorrect build result.  The files involved are ffmpeg\libavcodec\dnxhddec.c, ffmpeg\libavformat\dnxhddec.c.
C:\Program Files\Microsoft Visual Studio\2022\Community\MSBuild\Microsoft\VC\v170\Microsoft.CppBuild.targets(1119,5): warning MSB8027: Two or more files with the name of dv.c will produce outputs to the same location. This can lead to an incorrect build result.  The files involved are ffmpeg\libavcodec\dv.c, ffmpeg\libavformat\dv.c.
C:\Program Files\Microsoft Visual Studio\2022\Community\MSBuild\Microsoft\VC\v170\Microsoft.CppBuild.targets(1119,5): warning MSB8027: Two or more files with the name of dvenc.c will produce outputs to the same location. This can lead to an incorrect build result.  The files involved are ffmpeg\libavcodec\dvenc.c, ffmpeg\libavformat\dvenc.c.
C:\Program Files\Microsoft Visual Studio\2022\Community\MSBuild\Microsoft\VC\v170\Microsoft.CppBuild.targets(1119,5): warning MSB8027: Two or more files with the name of dxa.c will produce outputs to the same location. This can lead to an incorrect build result.  The files involved are ffmpeg\libavcodec\dxa.c, ffmpeg\libavformat\dxa.c.
C:\Program Files\Microsoft Visual Studio\2022\Community\MSBuild\Microsoft\VC\v170\Microsoft.CppBuild.targets(1119,5): warning MSB8027: Two or more files with the name of file_open.c will produce outputs to the same location. This can lead to an incorrect build result.  The files involved are ffmpeg\libavcodec\file_open.c, ffmpeg\libavformat\file_open.c, ffmpeg\libavutil\file_open.c.
C:\Program Files\Microsoft Visual Studio\2022\Community\MSBuild\Microsoft\VC\v170\Microsoft.CppBuild.targets(1119,5): warning MSB8027: Two or more files with the name of flacdec.c will produce outputs to the same location. This can lead to an incorrect build result.  The files involved are ffmpeg\libavcodec\flacdec.c, ffmpeg\libavformat\flacdec.c.
C:\Program Files\Microsoft Visual Studio\2022\Community\MSBuild\Microsoft\VC\v170\Microsoft.CppBuild.targets(1119,5): warning MSB8027: Two or more files with the name of flacenc.c will produce outputs to the same location. This can lead to an incorrect build result.  The files involved are ffmpeg\libavcodec\flacenc.c, ffmpeg\libavformat\flacenc.c.
C:\Program Files\Microsoft Visual Studio\2022\Community\MSBuild\Microsoft\VC\v170\Microsoft.CppBuild.targets(1119,5): warning MSB8027: Two or more files with the name of flvdec.c will produce outputs to the same location. This can lead to an incorrect build result.  The files involved are ffmpeg\libavcodec\flvdec.c, ffmpeg\libavformat\flvdec.c.
C:\Program Files\Microsoft Visual Studio\2022\Community\MSBuild\Microsoft\VC\v170\Microsoft.CppBuild.targets(1119,5): warning MSB8027: Two or more files with the name of flvenc.c will produce outputs to the same location. This can lead to an incorrect build result.  The files involved are ffmpeg\libavcodec\flvenc.c, ffmpeg\libavformat\flvenc.c.
C:\Program Files\Microsoft Visual Studio\2022\Community\MSBuild\Microsoft\VC\v170\Microsoft.CppBuild.targets(1119,5): warning MSB8027: Two or more files with the name of g722.c will produce outputs to the same location. This can lead to an incorrect build result.  The files involved are ffmpeg\libavcodec\g722.c, ffmpeg\libavformat\g722.c.
C:\Program Files\Microsoft Visual Studio\2022\Community\MSBuild\Microsoft\VC\v170\Microsoft.CppBuild.targets(1119,5): warning MSB8027: Two or more files with the name of g723_1.c will produce outputs to the same location. This can lead to an incorrect build result.  The files involved are ffmpeg\libavcodec\g723_1.c, ffmpeg\libavformat\g723_1.c.
C:\Program Files\Microsoft Visual Studio\2022\Community\MSBuild\Microsoft\VC\v170\Microsoft.CppBuild.targets(1119,5): warning MSB8027: Two or more files with the name of g729dec.c will produce outputs to the same location. This can lead to an incorrect build result.  The files involved are ffmpeg\libavcodec\g729dec.c, ffmpeg\libavformat\g729dec.c.
C:\Program Files\Microsoft Visual Studio\2022\Community\MSBuild\Microsoft\VC\v170\Microsoft.CppBuild.targets(1119,5): warning MSB8027: Two or more files with the name of gif.c will produce outputs to the same location. This can lead to an incorrect build result.  The files involved are ffmpeg\libavcodec\gif.c, ffmpeg\libavformat\gif.c.
C:\Program Files\Microsoft Visual Studio\2022\Community\MSBuild\Microsoft\VC\v170\Microsoft.CppBuild.targets(1119,5): warning MSB8027: Two or more files with the name of gifdec.c will produce outputs to the same location. This can lead to an incorrect build result.  The files involved are ffmpeg\libavcodec\gifdec.c, ffmpeg\libavformat\gifdec.c.
C:\Program Files\Microsoft Visual Studio\2022\Community\MSBuild\Microsoft\VC\v170\Microsoft.CppBuild.targets(1119,5): warning MSB8027: Two or more files with the name of gsmdec.c will produce outputs to the same location. This can lead to an incorrect build result.  The files involved are ffmpeg\libavcodec\gsmdec.c, ffmpeg\libavformat\gsmdec.c.
C:\Program Files\Microsoft Visual Studio\2022\Community\MSBuild\Microsoft\VC\v170\Microsoft.CppBuild.targets(1119,5): warning MSB8027: Two or more files with the name of h261dec.c will produce outputs to the same location. This can lead to an incorrect build result.  The files involved are ffmpeg\libavcodec\h261dec.c, ffmpeg\libavformat\h261dec.c.
C:\Program Files\Microsoft Visual Studio\2022\Community\MSBuild\Microsoft\VC\v170\Microsoft.CppBuild.targets(1119,5): warning MSB8027: Two or more files with the name of h263dec.c will produce outputs to the same location. This can lead to an incorrect build result.  The files involved are ffmpeg\libavcodec\h263dec.c, ffmpeg\libavformat\h263dec.c.
C:\Program Files\Microsoft Visual Studio\2022\Community\MSBuild\Microsoft\VC\v170\Microsoft.CppBuild.targets(1119,5): warning MSB8027: Two or more files with the name of hevc.c will produce outputs to the same location. This can lead to an incorrect build result.  The files involved are ffmpeg\libavcodec\hevc.c, ffmpeg\libavformat\hevc.c.
C:\Program Files\Microsoft Visual Studio\2022\Community\MSBuild\Microsoft\VC\v170\Microsoft.CppBuild.targets(1119,5): warning MSB8027: Two or more files with the name of iff.c will produce outputs to the same location. This can lead to an incorrect build result.  The files involved are ffmpeg\libavcodec\iff.c, ffmpeg\libavformat\iff.c.
C:\Program Files\Microsoft Visual Studio\2022\Community\MSBuild\Microsoft\VC\v170\Microsoft.CppBuild.targets(1119,5): warning MSB8027: Two or more files with the name of jacosubdec.c will produce outputs to the same location. This can lead to an incorrect build result.  The files involved are ffmpeg\libavcodec\jacosubdec.c, ffmpeg\libavformat\jacosubdec.c.
C:\Program Files\Microsoft Visual Studio\2022\Community\MSBuild\Microsoft\VC\v170\Microsoft.CppBuild.targets(1119,5): warning MSB8027: Two or more files with the name of jvdec.c will produce outputs to the same location. This can lead to an incorrect build result.  The files involved are ffmpeg\libavcodec\jvdec.c, ffmpeg\libavformat\jvdec.c.
C:\Program Files\Microsoft Visual Studio\2022\Community\MSBuild\Microsoft\VC\v170\Microsoft.CppBuild.targets(1119,5): warning MSB8027: Two or more files with the name of log2_tab.c will produce outputs to the same location. This can lead to an incorrect build result.  The files involved are ffmpeg\libavcodec\log2_tab.c, ffmpeg\libavfilter\log2_tab.c, ffmpeg\libavformat\log2_tab.c, ffmpeg\libavutil\log2_tab.c, ffmpeg\libswscale\log2_tab.c.
C:\Program Files\Microsoft Visual Studio\2022\Community\MSBuild\Microsoft\VC\v170\Microsoft.CppBuild.targets(1119,5): warning MSB8027: Two or more files with the name of microdvddec.c will produce outputs to the same location. This can lead to an incorrect build result.  The files involved are ffmpeg\libavcodec\microdvddec.c, ffmpeg\libavformat\microdvddec.c.
C:\Program Files\Microsoft Visual Studio\2022\Community\MSBuild\Microsoft\VC\v170\Microsoft.CppBuild.targets(1119,5): warning MSB8027: Two or more files with the name of mpc.c will produce outputs to the same location. This can lead to an incorrect build result.  The files involved are ffmpeg\libavcodec\mpc.c, ffmpeg\libavformat\mpc.c.
C:\Program Files\Microsoft Visual Studio\2022\Community\MSBuild\Microsoft\VC\v170\Microsoft.CppBuild.targets(1119,5): warning MSB8027: Two or more files with the name of mpc8.c will produce outputs to the same location. This can lead to an incorrect build result.  The files involved are ffmpeg\libavcodec\mpc8.c, ffmpeg\libavformat\mpc8.c.
C:\Program Files\Microsoft Visual Studio\2022\Community\MSBuild\Microsoft\VC\v170\Microsoft.CppBuild.targets(1119,5): warning MSB8027: Two or more files with the name of mpl2dec.c will produce outputs to the same location. This can lead to an incorrect build result.  The files involved are ffmpeg\libavcodec\mpl2dec.c, ffmpeg\libavformat\mpl2dec.c.
C:\Program Files\Microsoft Visual Studio\2022\Community\MSBuild\Microsoft\VC\v170\Microsoft.CppBuild.targets(1119,5): warning MSB8027: Two or more files with the name of nuv.c will produce outputs to the same location. This can lead to an incorrect build result.  The files involved are ffmpeg\libavcodec\nuv.c, ffmpeg\libavformat\nuv.c.
C:\Program Files\Microsoft Visual Studio\2022\Community\MSBuild\Microsoft\VC\v170\Microsoft.CppBuild.targets(1119,5): warning MSB8027: Two or more files with the name of options.c will produce outputs to the same location. This can lead to an incorrect build result.  The files involved are ffmpeg\libavcodec\options.c, ffmpeg\libavformat\options.c, ffmpeg\libswscale\options.c.
C:\Program Files\Microsoft Visual Studio\2022\Community\MSBuild\Microsoft\VC\v170\Microsoft.CppBuild.targets(1119,5): warning MSB8027: Two or more files with the name of pcm.c will produce outputs to the same location. This can lead to an incorrect build result.  The files involved are ffmpeg\libavcodec\pcm.c, ffmpeg\libavformat\pcm.c.
C:\Program Files\Microsoft Visual Studio\2022\Community\MSBuild\Microsoft\VC\v170\Microsoft.CppBuild.targets(1119,5): warning MSB8027: Two or more files with the name of pthread.c will produce outputs to the same location. This can lead to an incorrect build result.  The files involved are ffmpeg\libavcodec\pthread.c, ffmpeg\libavfilter\pthread.c.
C:\Program Files\Microsoft Visual Studio\2022\Community\MSBuild\Microsoft\VC\v170\Microsoft.CppBuild.targets(1119,5): warning MSB8027: Two or more files with the name of rawdec.c will produce outputs to the same location. This can lead to an incorrect build result.  The files involved are ffmpeg\libavcodec\rawdec.c, ffmpeg\libavformat\rawdec.c.
C:\Program Files\Microsoft Visual Studio\2022\Community\MSBuild\Microsoft\VC\v170\Microsoft.CppBuild.targets(1119,5): warning MSB8027: Two or more files with the name of rawenc.c will produce outputs to the same location. This can lead to an incorrect build result.  The files involved are ffmpeg\libavcodec\rawenc.c, ffmpeg\libavformat\rawenc.c.
C:\Program Files\Microsoft Visual Studio\2022\Community\MSBuild\Microsoft\VC\v170\Microsoft.CppBuild.targets(1119,5): warning MSB8027: Two or more files with the name of realtextdec.c will produce outputs to the same location. This can lead to an incorrect build result.  The files involved are ffmpeg\libavcodec\realtextdec.c, ffmpeg\libavformat\realtextdec.c.
C:\Program Files\Microsoft Visual Studio\2022\Community\MSBuild\Microsoft\VC\v170\Microsoft.CppBuild.targets(1119,5): warning MSB8027: Two or more files with the name of rl2.c will produce outputs to the same location. This can lead to an incorrect build result.  The files involved are ffmpeg\libavcodec\rl2.c, ffmpeg\libavformat\rl2.c.
C:\Program Files\Microsoft Visual Studio\2022\Community\MSBuild\Microsoft\VC\v170\Microsoft.CppBuild.targets(1119,5): warning MSB8027: Two or more files with the name of samidec.c will produce outputs to the same location. This can lead to an incorrect build result.  The files involved are ffmpeg\libavcodec\samidec.c, ffmpeg\libavformat\samidec.c.
C:\Program Files\Microsoft Visual Studio\2022\Community\MSBuild\Microsoft\VC\v170\Microsoft.CppBuild.targets(1119,5): warning MSB8027: Two or more files with the name of smacker.c will produce outputs to the same location. This can lead to an incorrect build result.  The files involved are ffmpeg\libavcodec\smacker.c, ffmpeg\libavformat\smacker.c.
C:\Program Files\Microsoft Visual Studio\2022\Community\MSBuild\Microsoft\VC\v170\Microsoft.CppBuild.targets(1119,5): warning MSB8027: Two or more files with the name of srtdec.c will produce outputs to the same location. This can lead to an incorrect build result.  The files involved are ffmpeg\libavcodec\srtdec.c, ffmpeg\libavformat\srtdec.c.
C:\Program Files\Microsoft Visual Studio\2022\Community\MSBuild\Microsoft\VC\v170\Microsoft.CppBuild.targets(1119,5): warning MSB8027: Two or more files with the name of srtenc.c will produce outputs to the same location. This can lead to an incorrect build result.  The files involved are ffmpeg\libavcodec\srtenc.c, ffmpeg\libavformat\srtenc.c.
C:\Program Files\Microsoft Visual Studio\2022\Community\MSBuild\Microsoft\VC\v170\Microsoft.CppBuild.targets(1119,5): warning MSB8027: Two or more files with the name of subviewerdec.c will produce outputs to the same location. This can lead to an incorrect build result.  The files involved are ffmpeg\libavcodec\subviewerdec.c, ffmpeg\libavformat\subviewerdec.c.
C:\Program Files\Microsoft Visual Studio\2022\Community\MSBuild\Microsoft\VC\v170\Microsoft.CppBuild.targets(1119,5): warning MSB8027: Two or more files with the name of takdec.c will produce outputs to the same location. This can lead to an incorrect build result.  The files involved are ffmpeg\libavcodec\takdec.c, ffmpeg\libavformat\takdec.c.
C:\Program Files\Microsoft Visual Studio\2022\Community\MSBuild\Microsoft\VC\v170\Microsoft.CppBuild.targets(1119,5): warning MSB8027: Two or more files with the name of tmv.c will produce outputs to the same location. This can lead to an incorrect build result.  The files involved are ffmpeg\libavcodec\tmv.c, ffmpeg\libavformat\tmv.c.
C:\Program Files\Microsoft Visual Studio\2022\Community\MSBuild\Microsoft\VC\v170\Microsoft.CppBuild.targets(1119,5): warning MSB8027: Two or more files with the name of tta.c will produce outputs to the same location. This can lead to an incorrect build result.  The files involved are ffmpeg\libavcodec\tta.c, ffmpeg\libavformat\tta.c.
C:\Program Files\Microsoft Visual Studio\2022\Community\MSBuild\Microsoft\VC\v170\Microsoft.CppBuild.targets(1119,5): warning MSB8027: Two or more files with the name of txd.c will produce outputs to the same location. This can lead to an incorrect build result.  The files involved are ffmpeg\libavcodec\txd.c, ffmpeg\libavformat\txd.c.
C:\Program Files\Microsoft Visual Studio\2022\Community\MSBuild\Microsoft\VC\v170\Microsoft.CppBuild.targets(1119,5): warning MSB8027: Two or more files with the name of utils.c will produce outputs to the same location. This can lead to an incorrect build result.  The files involved are ffmpeg\libavcodec\utils.c, ffmpeg\libavformat\utils.c, ffmpeg\libavutil\utils.c, ffmpeg\libswscale\utils.c.
C:\Program Files\Microsoft Visual Studio\2022\Community\MSBuild\Microsoft\VC\v170\Microsoft.CppBuild.targets(1119,5): warning MSB8027: Two or more files with the name of webvttdec.c will produce outputs to the same location. This can lead to an incorrect build result.  The files involved are ffmpeg\libavcodec\webvttdec.c, ffmpeg\libavformat\webvttdec.c.
C:\Program Files\Microsoft Visual Studio\2022\Community\MSBuild\Microsoft\VC\v170\Microsoft.CppBuild.targets(1119,5): warning MSB8027: Two or more files with the name of webvttenc.c will produce outputs to the same location. This can lead to an incorrect build result.  The files involved are ffmpeg\libavcodec\webvttenc.c, ffmpeg\libavformat\webvttenc.c.
C:\Program Files\Microsoft Visual Studio\2022\Community\MSBuild\Microsoft\VC\v170\Microsoft.CppBuild.targets(1119,5): warning MSB8027: Two or more files with the name of yop.c will produce outputs to the same location. This can lead to an incorrect build result.  The files involved are ffmpeg\libavcodec\yop.c, ffmpeg\libavformat\yop.c.
C:\Program Files\Microsoft Visual Studio\2022\Community\MSBuild\Microsoft\VC\v170\Microsoft.CppBuild.targets(1119,5): warning MSB8027: Two or more files with the name of buffer.c will produce outputs to the same location. This can lead to an incorrect build result.  The files involved are ffmpeg\libavfilter\buffer.c, ffmpeg\libavutil\buffer.c.
C:\Program Files\Microsoft Visual Studio\2022\Community\MSBuild\Microsoft\VC\v170\Microsoft.CppBuild.targets(1119,5): warning MSB8027: Two or more files with the name of fifo.c will produce outputs to the same location. This can lead to an incorrect build result.  The files involved are ffmpeg\libavfilter\fifo.c, ffmpeg\libavutil\fifo.c.
C:\Program Files\Microsoft Visual Studio\2022\Community\MSBuild\Microsoft\VC\v170\Microsoft.CppBuild.targets(1119,5): warning MSB8027: Two or more files with the name of file.c will produce outputs to the same location. This can lead to an incorrect build result.  The files involved are ffmpeg\libavformat\file.c, ffmpeg\libavutil\file.c.
  ExternalInterface.cpp
C:\Program Files\Lime\include\system\CFFI.h(5,9): warning C4005: 'HL_NAME': macro redefinition
  (compiling source file 'ExternalInterface.cpp')
      C:\Haxe Libraries\hlmp4\HLFFMPEG\ExternalInterface.cpp(12,9):
      see previous definition of 'HL_NAME'
  
C:\Program Files\Lime\include\system\CFFI.h(24,10): error C1083: Cannot open include file: 'hx/CFFIPrime.h': No such file or directory
  (compiling source file 'ExternalInterface.cpp')
  
  libstagefright.cpp
C:\Haxe Libraries\hlmp4\HLFFMPEG\ffmpeg\libavcodec\libstagefright.cpp(25,10): error C1083: Cannot open include file: 'binder/ProcessState.h': No such file or directory
  libutvideodec.cpp
C:\Haxe Libraries\hlmp4\HLFFMPEG\ffmpeg\libavcodec\avcodec.h(32,10): error C1083: Cannot open include file: 'ffmpeg/libavutil/attributes.h': No such file or directory
  (compiling source file 'ffmpeg/libavcodec/libutvideodec.cpp')
  
  libutvideoenc.cpp
C:\Haxe Libraries\hlmp4\HLFFMPEG\ffmpeg\libavcodec\libutvideoenc.cpp(29,10): error C1083: Cannot open include file: 'ffmpeg/libavutil/avassert.h': No such file or directory
  Generating Code...
